This file contains any messages produced by compilers while
running configure, to aid debugging if configure makes a mistake.

It was created by configure, which was
generated by GNU Autoconf 2.61.  Invocation command line was

  $ ./configure 

## --------- ##
## Platform. ##
## --------- ##

hostname = ubuntu
uname -m = x86_64
uname -r = 5.13.0-41-generic
uname -s = Linux
uname -v = #46~20.04.1-Ubuntu SMP Wed Apr 20 13:16:21 UTC 2022

/usr/bin/uname -p = x86_64
/bin/uname -X     = unknown

/bin/arch              = x86_64
/usr/bin/arch -k       = unknown
/usr/convex/getsysinfo = unknown
/usr/bin/hostinfo      = unknown
/bin/machine           = unknown
/usr/bin/oslevel       = unknown
/bin/universe          = unknown

PATH: /usr/local/sbin
PATH: /usr/local/bin
PATH: /usr/sbin
PATH: /usr/bin
PATH: /sbin
PATH: /bin
PATH: /usr/games
PATH: /usr/local/games
PATH: /snap/bin


## ----------- ##
## Core tests. ##
## ----------- ##

configure:1734: checking for a BSD-compatible install
configure:1790: result: /usr/bin/install -c
configure:1801: checking whether build environment is sane
configure:1844: result: yes
configure:1872: checking for a thread-safe mkdir -p
configure:1911: result: /usr/bin/mkdir -p
configure:1924: checking for gawk
configure:1954: result: no
configure:1924: checking for mawk
configure:1940: found /usr/bin/mawk
configure:1951: result: mawk
configure:1962: checking whether make sets $(MAKE)
configure:1983: result: yes
configure:2222: checking for gcc
configure:2238: found /usr/bin/gcc
configure:2249: result: gcc
configure:2487: checking for C compiler version
configure:2494: gcc --version >&5
gcc (Ubuntu 9.4.0-1ubuntu1~20.04.1) 9.4.0
Copyright (C) 2019 Free Software Foundation, Inc.
This is free software; see the source for copying conditions.  There is NO
warranty; not even for MERCHANTABILITY or FITNESS FOR A PARTICULAR PURPOSE.

configure:2497: $? = 0
configure:2504: gcc -v >&5
Using built-in specs.
COLLECT_GCC=gcc
COLLECT_LTO_WRAPPER=/usr/lib/gcc/x86_64-linux-gnu/9/lto-wrapper
OFFLOAD_TARGET_NAMES=nvptx-none:hsa
OFFLOAD_TARGET_DEFAULT=1
Target: x86_64-linux-gnu
Configured with: ../src/configure -v --with-pkgversion='Ubuntu 9.4.0-1ubuntu1~20.04.1' --with-bugurl=file:///usr/share/doc/gcc-9/README.Bugs --enable-languages=c,ada,c++,go,brig,d,fortran,objc,obj-c++,gm2 --prefix=/usr --with-gcc-major-version-only --program-suffix=-9 --program-prefix=x86_64-linux-gnu- --enable-shared --enable-linker-build-id --libexecdir=/usr/lib --without-included-gettext --enable-threads=posix --libdir=/usr/lib --enable-nls --enable-clocale=gnu --enable-libstdcxx-debug --enable-libstdcxx-time=yes --with-default-libstdcxx-abi=new --enable-gnu-unique-object --disable-vtable-verify --enable-plugin --enable-default-pie --with-system-zlib --with-target-system-zlib=auto --enable-objc-gc=auto --enable-multiarch --disable-werror --with-arch-32=i686 --with-abi=m64 --with-multilib-list=m32,m64,mx32 --enable-multilib --with-tune=generic --enable-offload-targets=nvptx-none=/build/gcc-9-Av3uEd/gcc-9-9.4.0/debian/tmp-nvptx/usr,hsa --without-cuda-driver --enable-checking=release --build=x86_64-linux-gnu --host=x86_64-linux-gnu --target=x86_64-linux-gnu
Thread model: posix
gcc version 9.4.0 (Ubuntu 9.4.0-1ubuntu1~20.04.1) 
configure:2507: $? = 0
configure:2514: gcc -V >&5
gcc: error: unrecognized command line option '-V'
gcc: fatal error: no input files
compilation terminated.
configure:2517: $? = 1
configure:2540: checking for C compiler default output file name
configure:2567: gcc    conftest.c  >&5
configure:2570: $? = 0
configure:2608: result: a.out
configure:2625: checking whether the C compiler works
configure:2635: ./a.out
configure:2638: $? = 0
configure:2655: result: yes
configure:2662: checking whether we are cross compiling
configure:2664: result: no
configure:2667: checking for suffix of executables
configure:2674: gcc -o conftest    conftest.c  >&5
configure:2677: $? = 0
configure:2701: result: 
configure:2707: checking for suffix of object files
configure:2733: gcc -c   conftest.c >&5
configure:2736: $? = 0
configure:2759: result: o
configure:2763: checking whether we are using the GNU C compiler
configure:2792: gcc -c   conftest.c >&5
configure:2798: $? = 0
configure:2815: result: yes
configure:2820: checking whether gcc accepts -g
configure:2850: gcc -c -g  conftest.c >&5
configure:2856: $? = 0
configure:2955: result: yes
configure:2972: checking for gcc option to accept ISO C89
configure:3046: gcc  -c -g -O2  conftest.c >&5
configure:3052: $? = 0
configure:3075: result: none needed
configure:3104: checking for style of include used by make
configure:3132: result: GNU
configure:3157: checking dependency style of gcc
configure:3248: result: gcc3
configure:3315: checking for pkg-config
configure:3333: found /usr/bin/pkg-config
configure:3345: result: /usr/bin/pkg-config
configure:3374: checking pkg-config is at least version 0.9.0
configure:3377: result: yes
configure:3388: checking for DBUS
configure:3396: $PKG_CONFIG --exists --print-errors "dbus-1 >= 1.1"
configure:3399: $? = 0
configure:3414: $PKG_CONFIG --exists --print-errors "dbus-1 >= 1.1"
configure:3417: $? = 0
configure:3453: result: yes
configure:3479: checking for DBUS_GLIB
configure:3487: $PKG_CONFIG --exists --print-errors "gobject-2.0 >= 2.6"
configure:3490: $? = 0
configure:3505: $PKG_CONFIG --exists --print-errors "gobject-2.0 >= 2.6"
configure:3508: $? = 0
configure:3544: result: yes
configure:3690: creating ./config.status

## ---------------------- ##
## Running config.status. ##
## ---------------------- ##

This file was extended by config.status, which was
generated by GNU Autoconf 2.61.  Invocation command line was

  CONFIG_FILES    = 
  CONFIG_HEADERS  = 
  CONFIG_LINKS    = 
  CONFIG_COMMANDS = 
  $ ./config.status 

on ubuntu

config.status:642: creating Makefile
config.status:642: creating src/Makefile
config.status:642: creating config.h
config.status:904: executing depfiles commands

## ---------------- ##
## Cache variables. ##
## ---------------- ##

ac_cv_c_compiler_gnu=yes
ac_cv_env_CC_set=
ac_cv_env_CC_value=
ac_cv_env_CFLAGS_set=
ac_cv_env_CFLAGS_value=
ac_cv_env_CPPFLAGS_set=
ac_cv_env_CPPFLAGS_value=
ac_cv_env_DBUS_CFLAGS_set=
ac_cv_env_DBUS_CFLAGS_value=
ac_cv_env_DBUS_GLIB_CFLAGS_set=
ac_cv_env_DBUS_GLIB_CFLAGS_value=
ac_cv_env_DBUS_GLIB_LIBS_set=
ac_cv_env_DBUS_GLIB_LIBS_value=
ac_cv_env_DBUS_LIBS_set=
ac_cv_env_DBUS_LIBS_value=
ac_cv_env_LDFLAGS_set=
ac_cv_env_LDFLAGS_value=
ac_cv_env_LIBS_set=
ac_cv_env_LIBS_value=
ac_cv_env_PKG_CONFIG_set=
ac_cv_env_PKG_CONFIG_value=
ac_cv_env_build_alias_set=
ac_cv_env_build_alias_value=
ac_cv_env_host_alias_set=
ac_cv_env_host_alias_value=
ac_cv_env_target_alias_set=
ac_cv_env_target_alias_value=
ac_cv_objext=o
ac_cv_path_ac_pt_PKG_CONFIG=/usr/bin/pkg-config
ac_cv_path_install='/usr/bin/install -c'
ac_cv_path_mkdir=/usr/bin/mkdir
ac_cv_prog_AWK=mawk
ac_cv_prog_ac_ct_CC=gcc
ac_cv_prog_cc_c89=
ac_cv_prog_cc_g=yes
ac_cv_prog_make_make_set=yes
am_cv_CC_dependencies_compiler_type=gcc3
pkg_cv_DBUS_CFLAGS='-I/usr/include/dbus-1.0 -I/usr/lib/x86_64-linux-gnu/dbus-1.0/include'
pkg_cv_DBUS_GLIB_CFLAGS='-I/usr/include/glib-2.0 -I/usr/lib/x86_64-linux-gnu/glib-2.0/include'
pkg_cv_DBUS_GLIB_LIBS='-lgobject-2.0 -lglib-2.0'
pkg_cv_DBUS_LIBS=-ldbus-1

## ----------------- ##
## Output variables. ##
## ----------------- ##

ACLOCAL='${SHELL} /root/workspace/work/dbus/hello-dbus3-0.1/missing --run aclocal-1.10'
AMDEPBACKSLASH='\'
AMDEP_FALSE='#'
AMDEP_TRUE=''
AMTAR='${SHELL} /root/workspace/work/dbus/hello-dbus3-0.1/missing --run tar'
AUTOCONF='${SHELL} /root/workspace/work/dbus/hello-dbus3-0.1/missing --run autoconf'
AUTOHEADER='${SHELL} /root/workspace/work/dbus/hello-dbus3-0.1/missing --run autoheader'
AUTOMAKE='${SHELL} /root/workspace/work/dbus/hello-dbus3-0.1/missing --run automake-1.10'
AWK='mawk'
CC='gcc'
CCDEPMODE='depmode=gcc3'
CFLAGS='-g -O2'
CPPFLAGS=''
CYGPATH_W='echo'
DBUS_CFLAGS='-I/usr/include/dbus-1.0 -I/usr/lib/x86_64-linux-gnu/dbus-1.0/include'
DBUS_GLIB_CFLAGS='-I/usr/include/glib-2.0 -I/usr/lib/x86_64-linux-gnu/glib-2.0/include'
DBUS_GLIB_LIBS='-lgobject-2.0 -lglib-2.0'
DBUS_LIBS='-ldbus-1'
DEFS='-DHAVE_CONFIG_H'
DEPDIR='.deps'
ECHO_C=''
ECHO_N='-n'
ECHO_T=''
EXEEXT=''
HAVE_DBUS_FALSE='#'
HAVE_DBUS_TRUE=''
HAVE_GLIB_FALSE='#'
HAVE_GLIB_TRUE=''
INSTALL_DATA='${INSTALL} -m 644'
INSTALL_PROGRAM='${INSTALL}'
INSTALL_SCRIPT='${INSTALL}'
INSTALL_STRIP_PROGRAM='$(install_sh) -c -s'
LDFLAGS=''
LIBOBJS=''
LIBS=''
LTLIBOBJS=''
MAKEINFO='${SHELL} /root/workspace/work/dbus/hello-dbus3-0.1/missing --run makeinfo'
OBJEXT='o'
PACKAGE='hello-dbus3'
PACKAGE_BUGREPORT=''
PACKAGE_NAME=''
PACKAGE_STRING=''
PACKAGE_TARNAME=''
PACKAGE_VERSION=''
PATH_SEPARATOR=':'
PKG_CONFIG='/usr/bin/pkg-config'
SET_MAKE=''
SHELL='/bin/bash'
STRIP=''
VERSION='0.1'
ac_ct_CC='gcc'
am__fastdepCC_FALSE='#'
am__fastdepCC_TRUE=''
am__include='include'
am__isrc=''
am__leading_dot='.'
am__quote=''
am__tar='${AMTAR} chof - "$$tardir"'
am__untar='${AMTAR} xf -'
bindir='${exec_prefix}/bin'
build_alias=''
datadir='${datarootdir}'
datarootdir='${prefix}/share'
docdir='${datarootdir}/doc/${PACKAGE}'
dvidir='${docdir}'
exec_prefix='${prefix}'
host_alias=''
htmldir='${docdir}'
includedir='${prefix}/include'
infodir='${datarootdir}/info'
install_sh='$(SHELL) /root/workspace/work/dbus/hello-dbus3-0.1/install-sh'
libdir='${exec_prefix}/lib'
libexecdir='${exec_prefix}/libexec'
localedir='${datarootdir}/locale'
localstatedir='${prefix}/var'
mandir='${datarootdir}/man'
mkdir_p='/usr/bin/mkdir -p'
oldincludedir='/usr/include'
pdfdir='${docdir}'
prefix='/usr/local'
program_transform_name='s,x,x,'
psdir='${docdir}'
sbindir='${exec_prefix}/sbin'
sharedstatedir='${prefix}/com'
sysconfdir='${prefix}/etc'
target_alias=''

## ----------- ##
## confdefs.h. ##
## ----------- ##

#define PACKAGE_NAME ""
#define PACKAGE_TARNAME ""
#define PACKAGE_VERSION ""
#define PACKAGE_STRING ""
#define PACKAGE_BUGREPORT ""
#define PACKAGE "hello-dbus3"
#define VERSION "0.1"

configure: exit 0
